<?xml version="1.0" encoding="UTF-8"?>
<!-- Generated by org.testng.reporters.JUnitReportReporter -->
<testsuite skipped="0" hostname="DANIELMANZO" name="Test.Busqueda_producto" tests="1" failures="0" timestamp="15 may 2019 18:21:57 GMT" time="48.033" errors="0">
  <testcase name="busquedaProducto" time="48.033" classname="Test.Busqueda_producto"/>
</testsuite> <!-- Test.Busqueda_producto -->
