<?xml version="1.0" encoding="UTF-8"?>
<!-- Generated by org.testng.reporters.JUnitReportReporter -->
<testsuite skipped="0" hostname="DANIELMANZO" name="Test.Comparar_Producto" tests="1" failures="0" timestamp="15 may 2019 18:29:22 GMT" time="40.091" errors="0">
  <testcase name="comparaProducto" time="40.091" classname="Test.Comparar_Producto"/>
</testsuite> <!-- Test.Comparar_Producto -->
